<?xml version="1.0" encoding="UTF-8"?>
<testsuite name="Login with correct username and password - insensitive" tests="5" skipped="0" failures="0" errors="0" timestamp="2025-05-29T05:37:30" hostname="NIVLED" time="2.69">
  <properties/>
  <testcase name="User is on login page" classname="Login with correct username and password - insensitive" time="0.654"/>
  <testcase name="User insert insensitive username and password" classname="Login with correct username and password - insensitive" time="0.604"/>
  <testcase name="User clicks on login button" classname="Login with correct username and password - insensitive" time="1.255"/>
  <testcase name="User should see error username message" classname="Login with correct username and password - insensitive" time="0.168"/>
  <testcase name="classMethod" classname="Login with correct username and password - insensitive" time="2.7"/>
  <system-out><![CDATA[
@LoginFeature @TestSuiteID=1 @Negative @Boundaries @Component @Ui
Scenario: Login with correct username and password - insensitive # src/test/resources/features/login.feature:26
]]></system-out>
  <system-err><![CDATA[]]></system-err>
</testsuite>
