<?xml version="1.0" encoding="UTF-8"?>
<testsuite name="Login with empty username and password" tests="5" skipped="0" failures="0" errors="0" timestamp="2025-05-29T05:37:28" hostname="NIVLED" time="2.418">
  <properties/>
  <testcase name="User is on login page" classname="Login with empty username and password" time="0.645"/>
  <testcase name="User insert empty username and password" classname="Login with empty username and password" time="0.477"/>
  <testcase name="User clicks on login button" classname="Login with empty username and password" time="1.095"/>
  <testcase name="User should see error username message" classname="Login with empty username and password" time="0.195"/>
  <testcase name="classMethod" classname="Login with empty username and password" time="2.424"/>
  <system-out><![CDATA[
@LoginFeature @TestSuiteID=1 @Negative @Component @Ui
Scenario: Login with empty username and password # src/test/resources/features/login.feature:19
]]></system-out>
  <system-err><![CDATA[]]></system-err>
</testsuite>
