<?xml version="1.0" encoding="UTF-8"?>
<testsuite name="runners.TestRunner" tests="0" skipped="0" failures="0" errors="0" timestamp="1970-01-01T00:00:00" hostname="NIVLED" time="0.0">
  <properties/>
  <system-out><![CDATA[  Given User is on login page                      # stepdefinitions.LoginSteps.userIsOnLoginPage()
  When User insert username and password           # stepdefinitions.LoginSteps.userInsertUsernameAndPassword()
  And User clicks on login button                  # stepdefinitions.LoginSteps.userClicksOnLoginButton()
  Then User should login to the application        # stepdefinitions.LoginSteps.userShouldLoginToTheApplication()
  Given User is on login page                      # stepdefinitions.LoginSteps.userIsOnLoginPage()
  When User insert invalid username and password   # stepdefinitions.LoginSteps.userInsertInvalidUsernameAndPassword()
  And User clicks on login button                  # stepdefinitions.LoginSteps.userClicksOnLoginButton()
  Then User should see error username message      # stepdefinitions.LoginSteps.userShouldSeeErrorUsernameMessage()
  Given User is on login page                    # stepdefinitions.LoginSteps.userIsOnLoginPage()
  When User insert empty username and password   # stepdefinitions.LoginSteps.userInsertEmptyUsernameAndPassword()
  And User clicks on login button                # stepdefinitions.LoginSteps.userClicksOnLoginButton()
  Then User should see error username message    # stepdefinitions.LoginSteps.userShouldSeeErrorUsernameMessage()
  Given User is on login page                                    # stepdefinitions.LoginSteps.userIsOnLoginPage()
  When User insert insensitive username and password             # stepdefinitions.LoginSteps.userInsertInsensitiveUsernameAndPassword()
  And User clicks on login button                                # stepdefinitions.LoginSteps.userClicksOnLoginButton()
  Then User should see error username message                    # stepdefinitions.LoginSteps.userShouldSeeErrorUsernameMessage()
  Given User is on login page                                            # stepdefinitions.LoginSteps.userIsOnLoginPage()
  When User insert username max length and password                      # stepdefinitions.LoginSteps.userInsertUsernameMaxLengthAndPassword()
  And User clicks on login button                                        # stepdefinitions.LoginSteps.userClicksOnLoginButton()
  Then User should see error username message                            # stepdefinitions.LoginSteps.userShouldSeeErrorUsernameMessage()
  Given User is on login page                                            # stepdefinitions.LoginSteps.userIsOnLoginPage()
  When User insert username and password max length                      # stepdefinitions.LoginSteps.userInsertUsernameAndPasswordMaxLength()
  And User clicks on login button                                        # stepdefinitions.LoginSteps.userClicksOnLoginButton()
  Then User should see error password message                            # stepdefinitions.LoginSteps.userShouldSeeErrorPasswordMessage()
]]></system-out>
  <system-err><![CDATA[]]></system-err>
</testsuite>
