<?xml version="1.0" encoding="UTF-8"?>
<testsuite name="Login with correct username and password - max username length" tests="5" skipped="0" failures="0" errors="0" timestamp="2025-05-29T05:37:33" hostname="NIVLED" time="3.883">
  <properties/>
  <testcase name="User is on login page" classname="Login with correct username and password - max username length" time="0.573"/>
  <testcase name="User insert username max length and password" classname="Login with correct username and password - max username length" time="1.94"/>
  <testcase name="User clicks on login button" classname="Login with correct username and password - max username length" time="1.192"/>
  <testcase name="User should see error username message" classname="Login with correct username and password - max username length" time="0.173"/>
  <testcase name="classMethod" classname="Login with correct username and password - max username length" time="3.886"/>
  <system-out><![CDATA[
@LoginFeature @TestSuiteID=1 @Positive @Boundaries @Component @Ui
Scenario: Login with correct username and password - max username length # src/test/resources/features/login.feature:33
]]></system-out>
  <system-err><![CDATA[]]></system-err>
</testsuite>
