<?xml version="1.0" encoding="UTF-8"?>
<testsuite name="Login with correct username and password" tests="5" skipped="0" failures="0" errors="0" timestamp="2025-05-29T05:37:15" hostname="NIVLED" time="10.286">
  <properties/>
  <testcase name="User is on login page" classname="Login with correct username and password" time="8.263"/>
  <testcase name="User insert username and password" classname="Login with correct username and password" time="0.655"/>
  <testcase name="User clicks on login button" classname="Login with correct username and password" time="0.467"/>
  <testcase name="User should login to the application" classname="Login with correct username and password" time="0.887"/>
  <testcase name="classMethod" classname="Login with correct username and password" time="10.462"/>
  <system-out><![CDATA[
@LoginFeature @TestSuiteID=1 @Positive @Component @Ui
Scenario: Login with correct username and password # src/test/resources/features/login.feature:5
]]></system-out>
  <system-err><![CDATA[SLF4J(W): No SLF4J providers were found.
SLF4J(W): Defaulting to no-operation (NOP) logger implementation
SLF4J(W): See https://www.slf4j.org/codes.html#noProviders for further details.
]]></system-err>
</testsuite>
