<?xml version="1.0" encoding="UTF-8"?>
<testsuite name="Login with correct username and password - max password length" tests="5" skipped="0" failures="0" errors="0" timestamp="2025-05-29T05:37:37" hostname="NIVLED" time="4.249">
  <properties/>
  <testcase name="User is on login page" classname="Login with correct username and password - max password length" time="0.682"/>
  <testcase name="User insert username and password max length" classname="Login with correct username and password - max password length" time="2.219"/>
  <testcase name="User clicks on login button" classname="Login with correct username and password - max password length" time="1.208"/>
  <testcase name="User should see error password message" classname="Login with correct username and password - max password length" time="0.131"/>
  <testcase name="classMethod" classname="Login with correct username and password - max password length" time="4.256"/>
  <system-out><![CDATA[
@LoginFeature @TestSuiteID=1 @Positive @Boundaries @Component @Ui
Scenario: Login with correct username and password - max password length # src/test/resources/features/login.feature:40
]]></system-out>
  <system-err><![CDATA[]]></system-err>
</testsuite>
