<?xml version="1.0" encoding="UTF-8"?>
<testsuite name="Login with invalid username and password" tests="5" skipped="0" failures="0" errors="0" timestamp="2025-05-29T05:37:25" hostname="NIVLED" time="2.996">
  <properties/>
  <testcase name="User is on login page" classname="Login with invalid username and password" time="0.703"/>
  <testcase name="User insert invalid username and password" classname="Login with invalid username and password" time="0.852"/>
  <testcase name="User clicks on login button" classname="Login with invalid username and password" time="1.199"/>
  <testcase name="User should see error username message" classname="Login with invalid username and password" time="0.234"/>
  <testcase name="classMethod" classname="Login with invalid username and password" time="2.999"/>
  <system-out><![CDATA[
@LoginFeature @TestSuiteID=1 @Negative @Component @Ui
Scenario: Login with invalid username and password # src/test/resources/features/login.feature:12
]]></system-out>
  <system-err><![CDATA[]]></system-err>
</testsuite>
